<?xml version="1.0" encoding="UTF-8"?>
<testng-results ignored="0" total="1" passed="1" failed="0" skipped="0">
  <reporter-output>
  </reporter-output>
  <suite started-at="2020-01-26T11:35:27 PST" name="Default suite" finished-at="2020-01-26T11:35:56 PST" duration-ms="28807">
    <groups>
    </groups>
    <test started-at="2020-01-26T11:35:27 PST" name="Default test" finished-at="2020-01-26T11:35:56 PST" duration-ms="28807">
      <class name="WB.SeleniumAssignments.DownloadBook">
        <test-method is-config="true" signature="StartDR()[pri:0, instance:WB.SeleniumAssignments.DownloadBook@5158b42f]" started-at="2020-01-26T11:35:27 PST" name="StartDR" finished-at="2020-01-26T11:35:40 PST" duration-ms="12884" status="PASS">
          <reporter-output>
          </reporter-output>
        </test-method> <!-- StartDR -->
        <test-method signature="bookDL()[pri:0, instance:WB.SeleniumAssignments.DownloadBook@5158b42f]" started-at="2020-01-26T11:35:40 PST" name="bookDL" finished-at="2020-01-26T11:35:56 PST" duration-ms="15865" status="PASS">
          <reporter-output>
          </reporter-output>
        </test-method> <!-- bookDL -->
        <test-method is-config="true" signature="closeDR()[pri:0, instance:WB.SeleniumAssignments.DownloadBook@5158b42f]" started-at="2020-01-26T11:35:56 PST" name="closeDR" finished-at="2020-01-26T11:35:56 PST" duration-ms="28" status="PASS">
          <reporter-output>
          </reporter-output>
        </test-method> <!-- closeDR -->
      </class> <!-- WB.SeleniumAssignments.DownloadBook -->
    </test> <!-- Default test -->
  </suite> <!-- Default suite -->
</testng-results>
